[15:29:51] [modloading-worker-0/INFO] ========================================
[15:29:51] [modloading-worker-0/INFO] Minecraft: 1.20.1
[15:29:51] [modloading-worker-0/INFO] Side: server
[15:29:51] [modloading-worker-0/INFO] Development: false
[15:29:51] [modloading-worker-0/INFO] Version: 12.0.684
[15:29:51] [modloading-worker-0/INFO] Loader:
[15:29:51] [modloading-worker-0/INFO] - Forge: 47.2.0
[15:29:51] [modloading-worker-0/INFO] Dependencies:
[15:29:51] [modloading-worker-0/INFO] - Cloth Config: 11.1.118
[15:29:51] [modloading-worker-0/INFO] - Architectury: 9.2.14
[15:29:51] [modloading-worker-0/INFO] Mixin: 0.8.5
[15:29:51] [modloading-worker-0/INFO] OS: Linux 6.5.0-1022-azure (amd64)
[15:29:51] [modloading-worker-0/INFO] Java: 21.0.3 (Microsoft)
[15:29:51] [modloading-worker-0/INFO] ========================================
[15:29:51] [modloading-worker-0/INFO] Mods:
[15:29:51] [modloading-worker-0/INFO] - aiimprovements: 0.5.2
[15:29:51] [modloading-worker-0/INFO] - alexsmobs: 1.22.8
[15:29:51] [modloading-worker-0/INFO] - architectury: 9.2.14
[15:29:51] [modloading-worker-0/INFO] - balm: 7.3.6
[15:29:51] [modloading-worker-0/INFO] - biomesoplenty: 18.0.0.598
[15:29:51] [modloading-worker-0/INFO] - brutalbosses: 1.20.1-7.0
[15:29:51] [modloading-worker-0/INFO] - citadel: 2.5.4
[15:29:51] [modloading-worker-0/INFO] - cloth_config: 11.1.118
[15:29:51] [modloading-worker-0/INFO] - cupboard: 1.20.1-2.7
[15:29:51] [modloading-worker-0/INFO] - dungeons_arise: 2.1.58-1.20.x
[15:29:51] [modloading-worker-0/INFO] - eeeabsmobs: 1.20.1-0.93
[15:29:51] [modloading-worker-0/INFO] - elevatorid: 1.20.1-lex-1.9
[15:29:51] [modloading-worker-0/INFO] - enchantinginfuser: 8.0.3
[15:29:51] [modloading-worker-0/INFO] - fallingtree: 4.3.4
[15:29:51] [modloading-worker-0/INFO] - forge: 47.2.0
[15:29:51] [modloading-worker-0/INFO] - infernalmobs: 1.20.1.3
[15:29:51] [modloading-worker-0/INFO] - inventoryprofilesnext: 1.10.10
[15:29:51] [modloading-worker-0/INFO] - jade: 11.8.0
[15:29:51] [modloading-worker-0/INFO] - journeymap: 5.10.0
[15:29:51] [modloading-worker-0/INFO] - kotlinforforge: 4.11.0
[15:29:51] [modloading-worker-0/INFO] - kuma_api: 20.1.8
[15:29:51] [modloading-worker-0/INFO] - mca: 7.5.14+1.20.1
[15:29:51] [modloading-worker-0/INFO] - minecraft: 1.20.1
[15:29:51] [modloading-worker-0/INFO] - mutantmonsters: 8.0.7
[15:29:51] [modloading-worker-0/INFO] - puzzlesaccessapi: 8.0.7
[15:29:51] [modloading-worker-0/INFO] - puzzleslib: 8.1.21
[15:29:51] [modloading-worker-0/INFO] - roughlyenoughitems: 12.0.684
[15:29:51] [modloading-worker-0/INFO] - terrablender: 3.0.1.7
[15:29:51] [modloading-worker-0/INFO] - tombstone: 8.6.6
[15:29:51] [modloading-worker-0/INFO] - usefulbackpacks: 2.0.1.122
[15:29:51] [modloading-worker-0/INFO] - uteamcore: 5.1.4.312
[15:29:51] [modloading-worker-0/INFO] - waystones: 14.1.4
[15:29:51] [modloading-worker-0/INFO] ========================================
[15:29:51] [modloading-worker-0/INFO] [REI] Registered plugin provider DefaultPluginImpl [roughlyenoughitems] for REIServerPlugin
[15:29:51] [modloading-worker-0/INFO] [REI] Registered plugin provider DefaultPluginImpl [roughlyenoughitems] for REIPlugin
[15:29:51] [modloading-worker-0/INFO] [REI] Registered plugin provider DefaultRuntimePlugin [roughlyenoughitems] for REIServerPlugin
[15:29:51] [modloading-worker-0/INFO] [REI] Registered plugin provider DefaultRuntimePlugin [roughlyenoughitems] for REIPlugin
[15:30:04] [Worker-Main-1/DEBUG] [REI] Processed 3 tags in 909.4 μs for minecraft:point_of_interest_type
[15:30:04] [Worker-Main-1/DEBUG] [REI] Processed 4 tags in 56.83 μs for minecraft:fluid
[15:30:04] [Worker-Main-1/DEBUG] [REI] Processed 5 tags in 417.2 μs for minecraft:game_event
[15:30:04] [Worker-Main-1/DEBUG] [REI] Processed 1 tags in 50.99 μs for minecraft:painting_variant
[15:30:04] [Worker-Main-1/DEBUG] [REI] Processed 12 tags in 76.65 μs for minecraft:banner_pattern
[15:30:04] [Worker-Main-1/DEBUG] [REI] Processed 0 tags in 15.74 μs for minecraft:worldgen/structure
[15:30:04] [Worker-Main-1/DEBUG] [REI] Processed 0 tags in 88.78 μs for minecraft:worldgen/biome
[15:30:04] [Worker-Main-1/DEBUG] [REI] Processed 3 tags in 27.05 μs for minecraft:instrument
[15:30:04] [Worker-Main-1/DEBUG] [REI] Processed 400 tags in 2.611 ms for minecraft:item
[15:30:04] [Worker-Main-1/DEBUG] [REI] Processed 0 tags in 11.70 μs for minecraft:damage_type
[15:30:04] [Worker-Main-1/DEBUG] [REI] Processed 2 tags in 42.29 μs for minecraft:cat_variant
[15:30:04] [Worker-Main-1/DEBUG] [REI] Processed 0 tags in 4.148 μs for minecraft:worldgen/world_preset
[15:30:04] [Worker-Main-1/DEBUG] [REI] Processed 0 tags in 3.817 μs for minecraft:worldgen/flat_level_generator_preset
[15:30:04] [Worker-Main-1/DEBUG] [REI] Processed 0 tags in 4.368 μs for minecraft:dimension_type
[15:30:04] [Worker-Main-1/DEBUG] [REI] Processed 54 tags in 448.1 μs for minecraft:entity_type
[15:30:04] [Worker-Main-1/DEBUG] [REI] Processed 357 tags in 2.439 ms for minecraft:block
[15:30:06] [main/DEBUG] [REI] ========================================
[15:30:06] [main/DEBUG] [REI] REIPlugin starting pre-reload for START.
[15:30:06] [main/DEBUG] [REI] Reloadables (7):
[15:30:06] [main/DEBUG] [REI]  - EntryTypeRegistryImpl
[15:30:06] [main/DEBUG] [REI]  - EntrySettingsAdapterRegistryImpl
[15:30:06] [main/DEBUG] [REI]  - RecipeManagerContextImpl
[15:30:06] [main/DEBUG] [REI]  - ItemComparatorRegistryImpl
[15:30:06] [main/DEBUG] [REI]  - FluidComparatorRegistryImpl
[15:30:06] [main/DEBUG] [REI]  - DisplaySerializerRegistryImpl
[15:30:06] [main/DEBUG] [REI]  - FluidSupportProviderImpl
[15:30:06] [main/DEBUG] [REI] Plugins (2):
[15:30:06] [main/DEBUG] [REI]  - (-100.00) DefaultPluginImpl of DefaultPluginImpl [roughlyenoughitems]
[15:30:06] [main/DEBUG] [REI]  - (0.00) DefaultRuntimePlugin of DefaultRuntimePlugin [roughlyenoughitems]
[15:30:06] [main/DEBUG] [REI] ========================================
[15:30:06] [main/TRACE] [REI] [REIPlugin START] Reloading Section: "pre-register/"
[15:30:06] [main/TRACE] [REI] [REIPlugin START] Reloading Section: "pre-register/DefaultPluginImpl of DefaultPluginImpl [roughlyenoughitems]/"
[15:30:06] [main/TRACE] [REI] [REIPlugin START] Reloading Section: "pre-register/DefaultPluginImpl of DefaultPluginImpl [roughlyenoughitems]/" done in 939.8 μs
[15:30:06] [main/TRACE] [REI] [REIPlugin START] Reloading Section: "pre-register/DefaultRuntimePlugin of DefaultRuntimePlugin [roughlyenoughitems]/"
[15:30:06] [main/TRACE] [REI] [REIPlugin START] Reloading Section: "pre-register/DefaultRuntimePlugin of DefaultRuntimePlugin [roughlyenoughitems]/" done in 11.86 μs
[15:30:06] [main/TRACE] [REI] [REIPlugin START] Reloading Section: "pre-register/" done in 29.31 ms
[15:30:06] [main/TRACE] [REI] [REIPlugin START] Reloading Section: "pre-stage/"
[15:30:06] [main/TRACE] [REI] [REIPlugin START] Reloading Section: "pre-stage/EntryTypeRegistryImpl/"
[15:30:06] [main/TRACE] [REI] [REIPlugin START] Reloading Section: "pre-stage/EntryTypeRegistryImpl/" done in 246.5 μs
[15:30:06] [main/TRACE] [REI] [REIPlugin START] Reloading Section: "pre-stage/EntrySettingsAdapterRegistryImpl/"
[15:30:06] [main/TRACE] [REI] [REIPlugin START] Reloading Section: "pre-stage/EntrySettingsAdapterRegistryImpl/" done in 7.023 μs
[15:30:06] [main/TRACE] [REI] [REIPlugin START] Reloading Section: "pre-stage/RecipeManagerContextImpl/"
[15:30:06] [main/TRACE] [REI] [REIPlugin START] Reloading Section: "pre-stage/RecipeManagerContextImpl/" done in 7.754 μs
[15:30:06] [main/TRACE] [REI] [REIPlugin START] Reloading Section: "pre-stage/ItemComparatorRegistryImpl/"
[15:30:06] [main/TRACE] [REI] [REIPlugin START] Reloading Section: "pre-stage/ItemComparatorRegistryImpl/" done in 7.143 μs
[15:30:06] [main/TRACE] [REI] [REIPlugin START] Reloading Section: "pre-stage/FluidComparatorRegistryImpl/"
[15:30:06] [main/TRACE] [REI] [REIPlugin START] Reloading Section: "pre-stage/FluidComparatorRegistryImpl/" done in 6.743 μs
[15:30:06] [main/TRACE] [REI] [REIPlugin START] Reloading Section: "pre-stage/DisplaySerializerRegistryImpl/"
[15:30:06] [main/TRACE] [REI] [REIPlugin START] Reloading Section: "pre-stage/DisplaySerializerRegistryImpl/" done in 7.464 μs
[15:30:06] [main/TRACE] [REI] [REIPlugin START] Reloading Section: "pre-stage/FluidSupportProviderImpl/"
[15:30:06] [main/TRACE] [REI] [REIPlugin START] Reloading Section: "pre-stage/FluidSupportProviderImpl/" done in 7.344 μs
[15:30:06] [main/TRACE] [REI] [REIPlugin START] Reloading Section: "pre-stage/" done in 1.912 ms
[15:30:06] [main/DEBUG] [REI] ========================================
[15:30:06] [main/DEBUG] [REI] REIPlugin finished pre-reload for START in 32.35 ms.
[15:30:06] [main/DEBUG] [REI] ========================================
[15:30:06] [main/DEBUG] [REI] ========================================
[15:30:06] [main/DEBUG] [REI] REIServerPlugin starting pre-reload for START.
[15:30:06] [main/DEBUG] [REI] Reloadables (2):
[15:30:06] [main/DEBUG] [REI]  - MenuInfoRegistryImpl
[15:30:06] [main/DEBUG] [REI]  - SlotAccessorRegistryImpl
[15:30:06] [main/DEBUG] [REI] Plugins (2):
[15:30:06] [main/DEBUG] [REI]  - (-100.00) DefaultPluginImpl of DefaultPluginImpl [roughlyenoughitems]
[15:30:06] [main/DEBUG] [REI]  - (0.00) DefaultRuntimePlugin of DefaultRuntimePlugin [roughlyenoughitems]
[15:30:06] [main/DEBUG] [REI] ========================================
[15:30:06] [main/TRACE] [REI] [REIServerPlugin START] Reloading Section: "pre-register/"
[15:30:06] [main/TRACE] [REI] [REIServerPlugin START] Reloading Section: "pre-register/DefaultPluginImpl of DefaultPluginImpl [roughlyenoughitems]/"
[15:30:06] [main/TRACE] [REI] [REIServerPlugin START] Reloading Section: "pre-register/DefaultPluginImpl of DefaultPluginImpl [roughlyenoughitems]/" done in 18.04 μs
[15:30:06] [main/TRACE] [REI] [REIServerPlugin START] Reloading Section: "pre-register/DefaultRuntimePlugin of DefaultRuntimePlugin [roughlyenoughitems]/"
[15:30:06] [main/TRACE] [REI] [REIServerPlugin START] Reloading Section: "pre-register/DefaultRuntimePlugin of DefaultRuntimePlugin [roughlyenoughitems]/" done in 9.087 μs
[15:30:06] [main/TRACE] [REI] [REIServerPlugin START] Reloading Section: "pre-register/" done in 431.5 μs
[15:30:06] [main/TRACE] [REI] [REIServerPlugin START] Reloading Section: "pre-stage/"
[15:30:06] [main/TRACE] [REI] [REIServerPlugin START] Reloading Section: "pre-stage/MenuInfoRegistryImpl/"
[15:30:06] [main/TRACE] [REI] [REIServerPlugin START] Reloading Section: "pre-stage/MenuInfoRegistryImpl/" done in 6.642 μs
[15:30:06] [main/TRACE] [REI] [REIServerPlugin START] Reloading Section: "pre-stage/SlotAccessorRegistryImpl/"
[15:30:06] [main/TRACE] [REI] [REIServerPlugin START] Reloading Section: "pre-stage/SlotAccessorRegistryImpl/" done in 6.883 μs
[15:30:06] [main/TRACE] [REI] [REIServerPlugin START] Reloading Section: "pre-stage/" done in 278.8 μs
[15:30:06] [main/DEBUG] [REI] ========================================
[15:30:06] [main/DEBUG] [REI] REIServerPlugin finished pre-reload for START in 1.213 ms.
[15:30:06] [main/DEBUG] [REI] ========================================
[15:30:06] [main/INFO] [REI] ****************************************
[15:30:06] [main/INFO] [REI] REIPlugin starting main-reload for START.
[15:30:06] [main/DEBUG] [REI] Reloadables (7):
[15:30:06] [main/DEBUG] [REI]  - EntryTypeRegistryImpl
[15:30:06] [main/DEBUG] [REI]  - EntrySettingsAdapterRegistryImpl
[15:30:06] [main/DEBUG] [REI]  - RecipeManagerContextImpl
[15:30:06] [main/DEBUG] [REI]  - ItemComparatorRegistryImpl
[15:30:06] [main/DEBUG] [REI]  - FluidComparatorRegistryImpl
[15:30:06] [main/DEBUG] [REI]  - DisplaySerializerRegistryImpl
[15:30:06] [main/DEBUG] [REI]  - FluidSupportProviderImpl
[15:30:06] [main/INFO] [REI] Plugins (2):
[15:30:06] [main/INFO] [REI]  - (-100.00) DefaultPluginImpl of DefaultPluginImpl [roughlyenoughitems]
[15:30:06] [main/INFO] [REI]  - (0.00) DefaultRuntimePlugin of DefaultRuntimePlugin [roughlyenoughitems]
[15:30:06] [main/INFO] [REI] ****************************************
[15:30:06] [main/TRACE] [REI] [REIPlugin START] Reloading Section: "start-reload/"
[15:30:06] [main/TRACE] [REI] [REIPlugin START] Reloading Section: "start-reload/EntryTypeRegistryImpl/"
[15:30:06] [main/TRACE] [REI] [REIPlugin START] Reloading Section: "start-reload/EntryTypeRegistryImpl/" done in 40.74 μs
[15:30:06] [main/TRACE] [REI] [REIPlugin START] Reloading Section: "start-reload/EntrySettingsAdapterRegistryImpl/"
[15:30:06] [main/TRACE] [REI] [REIPlugin START] Reloading Section: "start-reload/EntrySettingsAdapterRegistryImpl/" done in 10.35 μs
[15:30:06] [main/TRACE] [REI] [REIPlugin START] Reloading Section: "start-reload/RecipeManagerContextImpl/"
[15:30:06] [main/TRACE] [REI] [REIPlugin START] Reloading Section: "start-reload/RecipeManagerContextImpl/" done in 5.370 μs
[15:30:06] [main/TRACE] [REI] [REIPlugin START] Reloading Section: "start-reload/ItemComparatorRegistryImpl/"
[15:30:06] [main/TRACE] [REI] [REIPlugin START] Reloading Section: "start-reload/ItemComparatorRegistryImpl/" done in 23.20 μs
[15:30:06] [main/TRACE] [REI] [REIPlugin START] Reloading Section: "start-reload/FluidComparatorRegistryImpl/"
[15:30:06] [main/TRACE] [REI] [REIPlugin START] Reloading Section: "start-reload/FluidComparatorRegistryImpl/" done in 9.457 μs
[15:30:06] [main/TRACE] [REI] [REIPlugin START] Reloading Section: "start-reload/DisplaySerializerRegistryImpl/"
[15:30:06] [main/TRACE] [REI] [REIPlugin START] Reloading Section: "start-reload/DisplaySerializerRegistryImpl/" done in 6.412 μs
[15:30:06] [main/TRACE] [REI] [REIPlugin START] Reloading Section: "start-reload/FluidSupportProviderImpl/"
[15:30:06] [main/TRACE] [REI] [REIPlugin START] Reloading Section: "start-reload/FluidSupportProviderImpl/" done in 24.54 μs
[15:30:06] [main/TRACE] [REI] [REIPlugin START] Reloading Section: "start-reload/" done in 1.102 ms
[15:30:06] [main/DEBUG] [REI] ========================================
[15:30:06] [main/DEBUG] [REI] REIPlugin started main-reload for START.
[15:30:06] [main/DEBUG] [REI] ========================================
[15:30:06] [main/TRACE] [REI] [REIPlugin START] Reloading Section: "reloadable-plugin/EntryTypeRegistryImpl/"
[15:30:06] [main/TRACE] [REI] [REIPlugin START] Reloading Section: "reloadable-plugin/EntryTypeRegistryImpl/DefaultPluginImpl of DefaultPluginImpl [roughlyenoughitems]/"
[15:30:06] [main/TRACE] [REI] [REIPlugin START] Reloading Section: "reloadable-plugin/EntryTypeRegistryImpl/DefaultPluginImpl of DefaultPluginImpl [roughlyenoughitems]/" done in 192.6 μs
[15:30:06] [main/TRACE] [REI] [REIPlugin START] Reloading Section: "reloadable-plugin/EntryTypeRegistryImpl/DefaultRuntimePlugin of DefaultRuntimePlugin [roughlyenoughitems]/"
[15:30:06] [main/TRACE] [REI] [REIPlugin START] Reloading Section: "reloadable-plugin/EntryTypeRegistryImpl/DefaultRuntimePlugin of DefaultRuntimePlugin [roughlyenoughitems]/" done in 16.05 ms
[15:30:06] [main/TRACE] [REI] [REIPlugin START] Reloading Section: "reloadable-plugin/EntryTypeRegistryImpl/" done in 24.51 ms
[15:30:06] [main/TRACE] [REI] [REIPlugin START] Reloading Section: "reloadable-plugin/EntrySettingsAdapterRegistryImpl/"
[15:30:06] [main/TRACE] [REI] [REIPlugin START] Reloading Section: "reloadable-plugin/EntrySettingsAdapterRegistryImpl/DefaultPluginImpl of DefaultPluginImpl [roughlyenoughitems]/"
[15:30:06] [main/TRACE] [REI] [REIPlugin START] Reloading Section: "reloadable-plugin/EntrySettingsAdapterRegistryImpl/DefaultPluginImpl of DefaultPluginImpl [roughlyenoughitems]/" done in 13.95 μs
[15:30:06] [main/TRACE] [REI] [REIPlugin START] Reloading Section: "reloadable-plugin/EntrySettingsAdapterRegistryImpl/DefaultRuntimePlugin of DefaultRuntimePlugin [roughlyenoughitems]/"
[15:30:06] [main/TRACE] [REI] [REIPlugin START] Reloading Section: "reloadable-plugin/EntrySettingsAdapterRegistryImpl/DefaultRuntimePlugin of DefaultRuntimePlugin [roughlyenoughitems]/" done in 12.32 μs
[15:30:06] [main/TRACE] [REI] [REIPlugin START] Reloading Section: "reloadable-plugin/EntrySettingsAdapterRegistryImpl/" done in 385.6 μs
[15:30:06] [main/TRACE] [REI] [REIPlugin START] Reloading Section: "reloadable-plugin/RecipeManagerContextImpl/"
[15:30:06] [main/TRACE] [REI] [REIPlugin START] Reloading Section: "reloadable-plugin/RecipeManagerContextImpl/DefaultPluginImpl of DefaultPluginImpl [roughlyenoughitems]/"
[15:30:06] [main/TRACE] [REI] [REIPlugin START] Reloading Section: "reloadable-plugin/RecipeManagerContextImpl/DefaultPluginImpl of DefaultPluginImpl [roughlyenoughitems]/" done in 12.31 μs
[15:30:06] [main/TRACE] [REI] [REIPlugin START] Reloading Section: "reloadable-plugin/RecipeManagerContextImpl/DefaultRuntimePlugin of DefaultRuntimePlugin [roughlyenoughitems]/"
[15:30:06] [main/TRACE] [REI] [REIPlugin START] Reloading Section: "reloadable-plugin/RecipeManagerContextImpl/DefaultRuntimePlugin of DefaultRuntimePlugin [roughlyenoughitems]/" done in 11.97 μs
[15:30:06] [main/TRACE] [REI] [REIPlugin START] Reloading Section: "reloadable-plugin/RecipeManagerContextImpl/" done in 435.0 μs
[15:30:06] [main/TRACE] [REI] [REIPlugin START] Reloading Section: "reloadable-plugin/ItemComparatorRegistryImpl/"
[15:30:06] [main/TRACE] [REI] [REIPlugin START] Reloading Section: "reloadable-plugin/ItemComparatorRegistryImpl/DefaultPluginImpl of DefaultPluginImpl [roughlyenoughitems]/"
[15:30:06] [main/TRACE] [REI] [REIPlugin START] Reloading Section: "reloadable-plugin/ItemComparatorRegistryImpl/DefaultPluginImpl of DefaultPluginImpl [roughlyenoughitems]/" done in 674.8 μs
[15:30:06] [main/TRACE] [REI] [REIPlugin START] Reloading Section: "reloadable-plugin/ItemComparatorRegistryImpl/DefaultRuntimePlugin of DefaultRuntimePlugin [roughlyenoughitems]/"
[15:30:06] [main/TRACE] [REI] [REIPlugin START] Reloading Section: "reloadable-plugin/ItemComparatorRegistryImpl/DefaultRuntimePlugin of DefaultRuntimePlugin [roughlyenoughitems]/" done in 14.85 μs
[15:30:06] [main/TRACE] [REI] [REIPlugin START] Reloading Section: "reloadable-plugin/ItemComparatorRegistryImpl/" done in 1.044 ms
[15:30:06] [main/TRACE] [REI] [REIPlugin START] Reloading Section: "reloadable-plugin/FluidComparatorRegistryImpl/"
[15:30:06] [main/TRACE] [REI] [REIPlugin START] Reloading Section: "reloadable-plugin/FluidComparatorRegistryImpl/DefaultPluginImpl of DefaultPluginImpl [roughlyenoughitems]/"
[15:30:06] [main/TRACE] [REI] [REIPlugin START] Reloading Section: "reloadable-plugin/FluidComparatorRegistryImpl/DefaultPluginImpl of DefaultPluginImpl [roughlyenoughitems]/" done in 21.20 μs
[15:30:06] [main/TRACE] [REI] [REIPlugin START] Reloading Section: "reloadable-plugin/FluidComparatorRegistryImpl/DefaultRuntimePlugin of DefaultRuntimePlugin [roughlyenoughitems]/"
[15:30:06] [main/TRACE] [REI] [REIPlugin START] Reloading Section: "reloadable-plugin/FluidComparatorRegistryImpl/DefaultRuntimePlugin of DefaultRuntimePlugin [roughlyenoughitems]/" done in 13.35 μs
[15:30:06] [main/TRACE] [REI] [REIPlugin START] Reloading Section: "reloadable-plugin/FluidComparatorRegistryImpl/" done in 400.0 μs
[15:30:06] [main/TRACE] [REI] [REIPlugin START] Reloading Section: "reloadable-plugin/DisplaySerializerRegistryImpl/"
[15:30:06] [main/TRACE] [REI] [REIPlugin START] Reloading Section: "reloadable-plugin/DisplaySerializerRegistryImpl/DefaultPluginImpl of DefaultPluginImpl [roughlyenoughitems]/"
[15:30:06] [main/TRACE] [REI] [REIPlugin START] Reloading Section: "reloadable-plugin/DisplaySerializerRegistryImpl/DefaultPluginImpl of DefaultPluginImpl [roughlyenoughitems]/" done in 11.33 μs
[15:30:06] [main/TRACE] [REI] [REIPlugin START] Reloading Section: "reloadable-plugin/DisplaySerializerRegistryImpl/DefaultRuntimePlugin of DefaultRuntimePlugin [roughlyenoughitems]/"
[15:30:06] [main/TRACE] [REI] [REIPlugin START] Reloading Section: "reloadable-plugin/DisplaySerializerRegistryImpl/DefaultRuntimePlugin of DefaultRuntimePlugin [roughlyenoughitems]/" done in 11.82 μs
[15:30:06] [main/TRACE] [REI] [REIPlugin START] Reloading Section: "reloadable-plugin/DisplaySerializerRegistryImpl/" done in 314.0 μs
[15:30:06] [main/TRACE] [REI] [REIPlugin START] Reloading Section: "reloadable-plugin/FluidSupportProviderImpl/"
[15:30:06] [main/TRACE] [REI] [REIPlugin START] Reloading Section: "reloadable-plugin/FluidSupportProviderImpl/DefaultPluginImpl of DefaultPluginImpl [roughlyenoughitems]/"
[15:30:06] [main/TRACE] [REI] [REIPlugin START] Reloading Section: "reloadable-plugin/FluidSupportProviderImpl/DefaultPluginImpl of DefaultPluginImpl [roughlyenoughitems]/" done in 516.9 μs
[15:30:06] [main/TRACE] [REI] [REIPlugin START] Reloading Section: "reloadable-plugin/FluidSupportProviderImpl/DefaultRuntimePlugin of DefaultRuntimePlugin [roughlyenoughitems]/"
[15:30:06] [main/TRACE] [REI] [REIPlugin START] Reloading Section: "reloadable-plugin/FluidSupportProviderImpl/DefaultRuntimePlugin of DefaultRuntimePlugin [roughlyenoughitems]/" done in 15.08 μs
[15:30:06] [main/TRACE] [REI] [REIPlugin START] Reloading Section: "reloadable-plugin/FluidSupportProviderImpl/" done in 898.3 μs
[15:30:06] [main/DEBUG] [REI] ========================================
[15:30:06] [main/DEBUG] [REI] REIPlugin ending main-reload for START.
[15:30:06] [main/DEBUG] [REI] ========================================
[15:30:06] [main/TRACE] [REI] [REIPlugin START] Reloading Section: "end-reload/"
[15:30:06] [main/TRACE] [REI] [REIPlugin START] Reloading Section: "end-reload/EntryTypeRegistryImpl/"
[15:30:06] [main/TRACE] [REI] [REIPlugin START] Reloading Section: "end-reload/EntryTypeRegistryImpl/" done in 14.42 μs
[15:30:06] [main/TRACE] [REI] [REIPlugin START] Reloading Section: "end-reload/EntrySettingsAdapterRegistryImpl/"
[15:30:06] [main/TRACE] [REI] [REIPlugin START] Reloading Section: "end-reload/EntrySettingsAdapterRegistryImpl/" done in 6.542 μs
[15:30:06] [main/TRACE] [REI] [REIPlugin START] Reloading Section: "end-reload/RecipeManagerContextImpl/"
[15:30:06] [main/TRACE] [REI] [REIPlugin START] Reloading Section: "end-reload/RecipeManagerContextImpl/" done in 6.933 μs
[15:30:06] [main/TRACE] [REI] [REIPlugin START] Reloading Section: "end-reload/ItemComparatorRegistryImpl/"
[15:30:06] [main/TRACE] [REI] [REIPlugin START] Reloading Section: "end-reload/ItemComparatorRegistryImpl/" done in 20.55 μs
[15:30:06] [main/TRACE] [REI] [REIPlugin START] Reloading Section: "end-reload/FluidComparatorRegistryImpl/"
[15:30:06] [main/TRACE] [REI] [REIPlugin START] Reloading Section: "end-reload/FluidComparatorRegistryImpl/" done in 6.993 μs
[15:30:06] [main/TRACE] [REI] [REIPlugin START] Reloading Section: "end-reload/DisplaySerializerRegistryImpl/"
[15:30:06] [main/TRACE] [REI] [REIPlugin START] Reloading Section: "end-reload/DisplaySerializerRegistryImpl/" done in 6.983 μs
[15:30:06] [main/TRACE] [REI] [REIPlugin START] Reloading Section: "end-reload/FluidSupportProviderImpl/"
[15:30:06] [main/TRACE] [REI] [REIPlugin START] Reloading Section: "end-reload/FluidSupportProviderImpl/" done in 7.214 μs
[15:30:06] [main/TRACE] [REI] [REIPlugin START] Reloading Section: "end-reload/" done in 1.116 ms
[15:30:06] [main/DEBUG] [REI] ========================================
[15:30:06] [main/DEBUG] [REI] REIPlugin ended main-reload for START in 36.45 ms.
[15:30:06] [main/DEBUG] [REI] ========================================
[15:30:06] [main/INFO] [REI] %%%%%%%%%%%%%%%%%%%%%%%%%%%%%%%%%%%%%%%%
[15:30:06] [main/INFO] [REI] REIServerPlugin starting main-reload for START.
[15:30:06] [main/DEBUG] [REI] Reloadables (2):
[15:30:06] [main/DEBUG] [REI]  - MenuInfoRegistryImpl
[15:30:06] [main/DEBUG] [REI]  - SlotAccessorRegistryImpl
[15:30:06] [main/INFO] [REI] Plugins (2):
[15:30:06] [main/INFO] [REI]  - (-100.00) DefaultPluginImpl of DefaultPluginImpl [roughlyenoughitems]
[15:30:06] [main/INFO] [REI]  - (0.00) DefaultRuntimePlugin of DefaultRuntimePlugin [roughlyenoughitems]
[15:30:06] [main/INFO] [REI] %%%%%%%%%%%%%%%%%%%%%%%%%%%%%%%%%%%%%%%%
[15:30:06] [main/TRACE] [REI] [REIServerPlugin START] Reloading Section: "start-reload/"
[15:30:06] [main/TRACE] [REI] [REIServerPlugin START] Reloading Section: "start-reload/MenuInfoRegistryImpl/"
[15:30:06] [main/TRACE] [REI] [REIServerPlugin START] Reloading Section: "start-reload/MenuInfoRegistryImpl/" done in 8.015 μs
[15:30:06] [main/TRACE] [REI] [REIServerPlugin START] Reloading Section: "start-reload/SlotAccessorRegistryImpl/"
[15:30:06] [main/TRACE] [REI] [REIServerPlugin START] Reloading Section: "start-reload/SlotAccessorRegistryImpl/" done in 6.281 μs
[15:30:06] [main/TRACE] [REI] [REIServerPlugin START] Reloading Section: "start-reload/" done in 264.8 μs
[15:30:06] [main/DEBUG] [REI] ========================================
[15:30:06] [main/DEBUG] [REI] REIServerPlugin started main-reload for START.
[15:30:06] [main/DEBUG] [REI] ========================================
[15:30:06] [main/TRACE] [REI] [REIServerPlugin START] Reloading Section: "reloadable-plugin/MenuInfoRegistryImpl/"
[15:30:06] [main/TRACE] [REI] [REIServerPlugin START] Reloading Section: "reloadable-plugin/MenuInfoRegistryImpl/DefaultPluginImpl of DefaultPluginImpl [roughlyenoughitems]/"
[15:30:06] [main/TRACE] [REI] [REIServerPlugin START] Reloading Section: "reloadable-plugin/MenuInfoRegistryImpl/DefaultPluginImpl of DefaultPluginImpl [roughlyenoughitems]/" done in 9.107 μs
[15:30:06] [main/TRACE] [REI] [REIServerPlugin START] Reloading Section: "reloadable-plugin/MenuInfoRegistryImpl/DefaultRuntimePlugin of DefaultRuntimePlugin [roughlyenoughitems]/"
[15:30:06] [main/TRACE] [REI] [REIServerPlugin START] Reloading Section: "reloadable-plugin/MenuInfoRegistryImpl/DefaultRuntimePlugin of DefaultRuntimePlugin [roughlyenoughitems]/" done in 8.826 μs
[15:30:06] [main/TRACE] [REI] [REIServerPlugin START] Reloading Section: "reloadable-plugin/MenuInfoRegistryImpl/" done in 294.3 μs
[15:30:06] [main/TRACE] [REI] [REIServerPlugin START] Reloading Section: "reloadable-plugin/SlotAccessorRegistryImpl/"
[15:30:06] [main/TRACE] [REI] [REIServerPlugin START] Reloading Section: "reloadable-plugin/SlotAccessorRegistryImpl/DefaultPluginImpl of DefaultPluginImpl [roughlyenoughitems]/"
[15:30:06] [main/TRACE] [REI] [REIServerPlugin START] Reloading Section: "reloadable-plugin/SlotAccessorRegistryImpl/DefaultPluginImpl of DefaultPluginImpl [roughlyenoughitems]/" done in 9.107 μs
[15:30:06] [main/TRACE] [REI] [REIServerPlugin START] Reloading Section: "reloadable-plugin/SlotAccessorRegistryImpl/DefaultRuntimePlugin of DefaultRuntimePlugin [roughlyenoughitems]/"
[15:30:06] [main/TRACE] [REI] [REIServerPlugin START] Reloading Section: "reloadable-plugin/SlotAccessorRegistryImpl/DefaultRuntimePlugin of DefaultRuntimePlugin [roughlyenoughitems]/" done in 10.21 μs
[15:30:06] [main/TRACE] [REI] [REIServerPlugin START] Reloading Section: "reloadable-plugin/SlotAccessorRegistryImpl/" done in 328.4 μs
[15:30:06] [main/DEBUG] [REI] ========================================
[15:30:06] [main/DEBUG] [REI] REIServerPlugin ending main-reload for START.
[15:30:06] [main/DEBUG] [REI] ========================================
[15:30:06] [main/TRACE] [REI] [REIServerPlugin START] Reloading Section: "end-reload/"
[15:30:06] [main/TRACE] [REI] [REIServerPlugin START] Reloading Section: "end-reload/MenuInfoRegistryImpl/"
[15:30:06] [main/TRACE] [REI] [REIServerPlugin START] Reloading Section: "end-reload/MenuInfoRegistryImpl/" done in 8.305 μs
[15:30:06] [main/TRACE] [REI] [REIServerPlugin START] Reloading Section: "end-reload/SlotAccessorRegistryImpl/"
[15:30:06] [main/TRACE] [REI] [REIServerPlugin START] Reloading Section: "end-reload/SlotAccessorRegistryImpl/" done in 6.462 μs
[15:30:06] [main/TRACE] [REI] [REIServerPlugin START] Reloading Section: "end-reload/" done in 286.9 μs
[15:30:06] [main/DEBUG] [REI] ========================================
[15:30:06] [main/DEBUG] [REI] REIServerPlugin ended main-reload for START in 12.99 ms.
[15:30:06] [main/DEBUG] [REI] ========================================
[15:30:06] [main/DEBUG] [REI] ========================================
[15:30:06] [main/DEBUG] [REI] REIPlugin starting post-reload for START.
[15:30:06] [main/DEBUG] [REI] Reloadables (7):
[15:30:06] [main/DEBUG] [REI]  - EntryTypeRegistryImpl
[15:30:06] [main/DEBUG] [REI]  - EntrySettingsAdapterRegistryImpl
[15:30:06] [main/DEBUG] [REI]  - RecipeManagerContextImpl
[15:30:06] [main/DEBUG] [REI]  - ItemComparatorRegistryImpl
[15:30:06] [main/DEBUG] [REI]  - FluidComparatorRegistryImpl
[15:30:06] [main/DEBUG] [REI]  - DisplaySerializerRegistryImpl
[15:30:06] [main/DEBUG] [REI]  - FluidSupportProviderImpl
[15:30:06] [main/DEBUG] [REI] Plugins (2):
[15:30:06] [main/DEBUG] [REI]  - (-100.00) DefaultPluginImpl of DefaultPluginImpl [roughlyenoughitems]
[15:30:06] [main/DEBUG] [REI]  - (0.00) DefaultRuntimePlugin of DefaultRuntimePlugin [roughlyenoughitems]
[15:30:06] [main/DEBUG] [REI] ========================================
[15:30:06] [main/TRACE] [REI] [REIPlugin START] Reloading Section: "post-register/"
[15:30:06] [main/TRACE] [REI] [REIPlugin START] Reloading Section: "post-register/DefaultPluginImpl of DefaultPluginImpl [roughlyenoughitems]/"
[15:30:06] [main/TRACE] [REI] [REIPlugin START] Reloading Section: "post-register/DefaultPluginImpl of DefaultPluginImpl [roughlyenoughitems]/" done in 180.7 μs
[15:30:06] [main/TRACE] [REI] [REIPlugin START] Reloading Section: "post-register/DefaultRuntimePlugin of DefaultRuntimePlugin [roughlyenoughitems]/"
[15:30:06] [main/TRACE] [REI] [REIPlugin START] Reloading Section: "post-register/DefaultRuntimePlugin of DefaultRuntimePlugin [roughlyenoughitems]/" done in 10.08 μs
[15:30:06] [main/TRACE] [REI] [REIPlugin START] Reloading Section: "post-register/" done in 745.9 μs
[15:30:06] [main/TRACE] [REI] [REIPlugin START] Reloading Section: "post-stage/"
[15:30:06] [main/TRACE] [REI] [REIPlugin START] Reloading Section: "post-stage/EntryTypeRegistryImpl/"
[15:30:06] [main/TRACE] [REI] [REIPlugin START] Reloading Section: "post-stage/EntryTypeRegistryImpl/" done in 12.82 μs
[15:30:06] [main/TRACE] [REI] [REIPlugin START] Reloading Section: "post-stage/EntrySettingsAdapterRegistryImpl/"
[15:30:06] [main/TRACE] [REI] [REIPlugin START] Reloading Section: "post-stage/EntrySettingsAdapterRegistryImpl/" done in 6.332 μs
[15:30:06] [main/TRACE] [REI] [REIPlugin START] Reloading Section: "post-stage/RecipeManagerContextImpl/"
[15:30:06] [main/TRACE] [REI] [REIPlugin START] Reloading Section: "post-stage/RecipeManagerContextImpl/" done in 6.081 μs
[15:30:06] [main/TRACE] [REI] [REIPlugin START] Reloading Section: "post-stage/ItemComparatorRegistryImpl/"
[15:30:06] [main/TRACE] [REI] [REIPlugin START] Reloading Section: "post-stage/ItemComparatorRegistryImpl/" done in 5.901 μs
[15:30:06] [main/TRACE] [REI] [REIPlugin START] Reloading Section: "post-stage/FluidComparatorRegistryImpl/"
[15:30:06] [main/TRACE] [REI] [REIPlugin START] Reloading Section: "post-stage/FluidComparatorRegistryImpl/" done in 7.764 μs
[15:30:06] [main/TRACE] [REI] [REIPlugin START] Reloading Section: "post-stage/DisplaySerializerRegistryImpl/"
[15:30:06] [main/TRACE] [REI] [REIPlugin START] Reloading Section: "post-stage/DisplaySerializerRegistryImpl/" done in 5.630 μs
[15:30:06] [main/TRACE] [REI] [REIPlugin START] Reloading Section: "post-stage/FluidSupportProviderImpl/"
[15:30:06] [main/TRACE] [REI] [REIPlugin START] Reloading Section: "post-stage/FluidSupportProviderImpl/" done in 5.540 μs
[15:30:06] [main/TRACE] [REI] [REIPlugin START] Reloading Section: "post-stage/" done in 1.045 ms
[15:30:06] [main/DEBUG] [REI] ========================================
[15:30:06] [main/INFO] [REI] REIPlugin finished post-reload for START in 2.065 ms, totaling 70.79 ms.
[15:30:06] [main/DEBUG] [REI] ========================================
[15:30:06] [main/DEBUG] [REI] ========================================
[15:30:06] [main/DEBUG] [REI] REIServerPlugin starting post-reload for START.
[15:30:06] [main/DEBUG] [REI] Reloadables (2):
[15:30:06] [main/DEBUG] [REI]  - MenuInfoRegistryImpl
[15:30:06] [main/DEBUG] [REI]  - SlotAccessorRegistryImpl
[15:30:06] [main/DEBUG] [REI] Plugins (2):
[15:30:06] [main/DEBUG] [REI]  - (-100.00) DefaultPluginImpl of DefaultPluginImpl [roughlyenoughitems]
[15:30:06] [main/DEBUG] [REI]  - (0.00) DefaultRuntimePlugin of DefaultRuntimePlugin [roughlyenoughitems]
[15:30:06] [main/DEBUG] [REI] ========================================
[15:30:06] [main/TRACE] [REI] [REIServerPlugin START] Reloading Section: "post-register/"
[15:30:06] [main/TRACE] [REI] [REIServerPlugin START] Reloading Section: "post-register/DefaultPluginImpl of DefaultPluginImpl [roughlyenoughitems]/"
[15:30:06] [main/TRACE] [REI] [REIServerPlugin START] Reloading Section: "post-register/DefaultPluginImpl of DefaultPluginImpl [roughlyenoughitems]/" done in 9.037 μs
[15:30:06] [main/TRACE] [REI] [REIServerPlugin START] Reloading Section: "post-register/DefaultRuntimePlugin of DefaultRuntimePlugin [roughlyenoughitems]/"
[15:30:06] [main/TRACE] [REI] [REIServerPlugin START] Reloading Section: "post-register/DefaultRuntimePlugin of DefaultRuntimePlugin [roughlyenoughitems]/" done in 8.837 μs
[15:30:06] [main/TRACE] [REI] [REIServerPlugin START] Reloading Section: "post-register/" done in 355.9 μs
[15:30:06] [main/TRACE] [REI] [REIServerPlugin START] Reloading Section: "post-stage/"
[15:30:06] [main/TRACE] [REI] [REIServerPlugin START] Reloading Section: "post-stage/MenuInfoRegistryImpl/"
[15:30:06] [main/TRACE] [REI] [REIServerPlugin START] Reloading Section: "post-stage/MenuInfoRegistryImpl/" done in 6.663 μs
[15:30:06] [main/TRACE] [REI] [REIServerPlugin START] Reloading Section: "post-stage/SlotAccessorRegistryImpl/"
[15:30:06] [main/TRACE] [REI] [REIServerPlugin START] Reloading Section: "post-stage/SlotAccessorRegistryImpl/" done in 6.111 μs
[15:30:06] [main/TRACE] [REI] [REIServerPlugin START] Reloading Section: "post-stage/" done in 271.4 μs
[15:30:06] [main/DEBUG] [REI] ========================================
[15:30:06] [main/INFO] [REI] REIServerPlugin finished post-reload for START in 878.2 μs, totaling 15.00 ms.
[15:30:06] [main/DEBUG] [REI] ========================================
[15:30:06] [main/DEBUG] [REI] ========================================
[15:30:06] [main/DEBUG] [REI] REIPlugin starting pre-reload for END.
[15:30:06] [main/DEBUG] [REI] Reloadables (7):
[15:30:06] [main/DEBUG] [REI]  - EntryTypeRegistryImpl
[15:30:06] [main/DEBUG] [REI]  - EntrySettingsAdapterRegistryImpl
[15:30:06] [main/DEBUG] [REI]  - RecipeManagerContextImpl
[15:30:06] [main/DEBUG] [REI]  - ItemComparatorRegistryImpl
[15:30:06] [main/DEBUG] [REI]  - FluidComparatorRegistryImpl
[15:30:06] [main/DEBUG] [REI]  - DisplaySerializerRegistryImpl
[15:30:06] [main/DEBUG] [REI]  - FluidSupportProviderImpl
[15:30:06] [main/DEBUG] [REI] Plugins (2):
[15:30:06] [main/DEBUG] [REI]  - (-100.00) DefaultPluginImpl of DefaultPluginImpl [roughlyenoughitems]
[15:30:06] [main/DEBUG] [REI]  - (0.00) DefaultRuntimePlugin of DefaultRuntimePlugin [roughlyenoughitems]
[15:30:06] [main/DEBUG] [REI] ========================================
[15:30:06] [main/TRACE] [REI] [REIPlugin END] Reloading Section: "pre-register/"
[15:30:06] [main/TRACE] [REI] [REIPlugin END] Reloading Section: "pre-register/DefaultPluginImpl of DefaultPluginImpl [roughlyenoughitems]/"
[15:30:06] [main/TRACE] [REI] [REIPlugin END] Reloading Section: "pre-register/DefaultPluginImpl of DefaultPluginImpl [roughlyenoughitems]/" done in 11.83 μs
[15:30:06] [main/TRACE] [REI] [REIPlugin END] Reloading Section: "pre-register/DefaultRuntimePlugin of DefaultRuntimePlugin [roughlyenoughitems]/"
[15:30:06] [main/TRACE] [REI] [REIPlugin END] Reloading Section: "pre-register/DefaultRuntimePlugin of DefaultRuntimePlugin [roughlyenoughitems]/" done in 8.666 μs
[15:30:06] [main/TRACE] [REI] [REIPlugin END] Reloading Section: "pre-register/" done in 359.8 μs
[15:30:06] [main/TRACE] [REI] [REIPlugin END] Reloading Section: "pre-stage/"
[15:30:06] [main/TRACE] [REI] [REIPlugin END] Reloading Section: "pre-stage/EntryTypeRegistryImpl/"
[15:30:06] [main/TRACE] [REI] [REIPlugin END] Reloading Section: "pre-stage/EntryTypeRegistryImpl/" done in 6.472 μs
[15:30:06] [main/TRACE] [REI] [REIPlugin END] Reloading Section: "pre-stage/EntrySettingsAdapterRegistryImpl/"
[15:30:06] [main/TRACE] [REI] [REIPlugin END] Reloading Section: "pre-stage/EntrySettingsAdapterRegistryImpl/" done in 6.653 μs
[15:30:06] [main/TRACE] [REI] [REIPlugin END] Reloading Section: "pre-stage/RecipeManagerContextImpl/"
[15:30:06] [main/TRACE] [REI] [REIPlugin END] Reloading Section: "pre-stage/RecipeManagerContextImpl/" done in 6.552 μs
[15:30:06] [main/TRACE] [REI] [REIPlugin END] Reloading Section: "pre-stage/ItemComparatorRegistryImpl/"
[15:30:06] [main/TRACE] [REI] [REIPlugin END] Reloading Section: "pre-stage/ItemComparatorRegistryImpl/" done in 6.412 μs
[15:30:06] [main/TRACE] [REI] [REIPlugin END] Reloading Section: "pre-stage/FluidComparatorRegistryImpl/"
[15:30:06] [main/TRACE] [REI] [REIPlugin END] Reloading Section: "pre-stage/FluidComparatorRegistryImpl/" done in 6.582 μs
[15:30:06] [main/TRACE] [REI] [REIPlugin END] Reloading Section: "pre-stage/DisplaySerializerRegistryImpl/"
[15:30:06] [main/TRACE] [REI] [REIPlugin END] Reloading Section: "pre-stage/DisplaySerializerRegistryImpl/" done in 6.463 μs
[15:30:06] [main/TRACE] [REI] [REIPlugin END] Reloading Section: "pre-stage/FluidSupportProviderImpl/"
[15:30:06] [main/TRACE] [REI] [REIPlugin END] Reloading Section: "pre-stage/FluidSupportProviderImpl/" done in 6.662 μs
[15:30:06] [main/TRACE] [REI] [REIPlugin END] Reloading Section: "pre-stage/" done in 1.009 ms
[15:30:06] [main/DEBUG] [REI] ========================================
[15:30:06] [main/DEBUG] [REI] REIPlugin finished pre-reload for END in 1.661 ms.
[15:30:06] [main/DEBUG] [REI] ========================================
[15:30:06] [main/DEBUG] [REI] ========================================
[15:30:06] [main/DEBUG] [REI] REIServerPlugin starting pre-reload for END.
[15:30:06] [main/DEBUG] [REI] Reloadables (2):
[15:30:06] [main/DEBUG] [REI]  - MenuInfoRegistryImpl
[15:30:06] [main/DEBUG] [REI]  - SlotAccessorRegistryImpl
[15:30:06] [main/DEBUG] [REI] Plugins (2):
[15:30:06] [main/DEBUG] [REI]  - (-100.00) DefaultPluginImpl of DefaultPluginImpl [roughlyenoughitems]
[15:30:06] [main/DEBUG] [REI]  - (0.00) DefaultRuntimePlugin of DefaultRuntimePlugin [roughlyenoughitems]
[15:30:06] [main/DEBUG] [REI] ========================================
[15:30:06] [main/TRACE] [REI] [REIServerPlugin END] Reloading Section: "pre-register/"
[15:30:06] [main/TRACE] [REI] [REIServerPlugin END] Reloading Section: "pre-register/DefaultPluginImpl of DefaultPluginImpl [roughlyenoughitems]/"
[15:30:06] [main/TRACE] [REI] [REIServerPlugin END] Reloading Section: "pre-register/DefaultPluginImpl of DefaultPluginImpl [roughlyenoughitems]/" done in 8.957 μs
[15:30:06] [main/TRACE] [REI] [REIServerPlugin END] Reloading Section: "pre-register/DefaultRuntimePlugin of DefaultRuntimePlugin [roughlyenoughitems]/"
[15:30:06] [main/TRACE] [REI] [REIServerPlugin END] Reloading Section: "pre-register/DefaultRuntimePlugin of DefaultRuntimePlugin [roughlyenoughitems]/" done in 8.476 μs
[15:30:06] [main/TRACE] [REI] [REIServerPlugin END] Reloading Section: "pre-register/" done in 326.5 μs
[15:30:06] [main/TRACE] [REI] [REIServerPlugin END] Reloading Section: "pre-stage/"
[15:30:06] [main/TRACE] [REI] [REIServerPlugin END] Reloading Section: "pre-stage/MenuInfoRegistryImpl/"
[15:30:06] [main/TRACE] [REI] [REIServerPlugin END] Reloading Section: "pre-stage/MenuInfoRegistryImpl/" done in 7.093 μs
[15:30:06] [main/TRACE] [REI] [REIServerPlugin END] Reloading Section: "pre-stage/SlotAccessorRegistryImpl/"
[15:30:06] [main/TRACE] [REI] [REIServerPlugin END] Reloading Section: "pre-stage/SlotAccessorRegistryImpl/" done in 8.015 μs
[15:30:06] [main/TRACE] [REI] [REIServerPlugin END] Reloading Section: "pre-stage/" done in 308.9 μs
[15:30:06] [main/DEBUG] [REI] ========================================
[15:30:06] [main/DEBUG] [REI] REIServerPlugin finished pre-reload for END in 900.5 μs.
[15:30:06] [main/DEBUG] [REI] ========================================
[15:30:06] [main/INFO] [REI] ----------------------------------------
[15:30:06] [main/INFO] [REI] REIPlugin starting main-reload for END.
[15:30:06] [main/DEBUG] [REI] Reloadables (7):
[15:30:06] [main/DEBUG] [REI]  - EntryTypeRegistryImpl
[15:30:06] [main/DEBUG] [REI]  - EntrySettingsAdapterRegistryImpl
[15:30:06] [main/DEBUG] [REI]  - RecipeManagerContextImpl
[15:30:06] [main/DEBUG] [REI]  - ItemComparatorRegistryImpl
[15:30:06] [main/DEBUG] [REI]  - FluidComparatorRegistryImpl
[15:30:06] [main/DEBUG] [REI]  - DisplaySerializerRegistryImpl
[15:30:06] [main/DEBUG] [REI]  - FluidSupportProviderImpl
[15:30:06] [main/INFO] [REI] Plugins (2):
[15:30:06] [main/INFO] [REI]  - (-100.00) DefaultPluginImpl of DefaultPluginImpl [roughlyenoughitems]
[15:30:06] [main/INFO] [REI]  - (0.00) DefaultRuntimePlugin of DefaultRuntimePlugin [roughlyenoughitems]
[15:30:06] [main/INFO] [REI] ----------------------------------------
[15:30:06] [main/TRACE] [REI] [REIPlugin END] Reloading Section: "start-reload/"
[15:30:06] [main/TRACE] [REI] [REIPlugin END] Reloading Section: "start-reload/EntryTypeRegistryImpl/"
[15:30:06] [main/TRACE] [REI] [REIPlugin END] Reloading Section: "start-reload/EntryTypeRegistryImpl/" done in 7.845 μs
[15:30:06] [main/TRACE] [REI] [REIPlugin END] Reloading Section: "start-reload/EntrySettingsAdapterRegistryImpl/"
[15:30:06] [main/TRACE] [REI] [REIPlugin END] Reloading Section: "start-reload/EntrySettingsAdapterRegistryImpl/" done in 39.83 μs
[15:30:06] [main/TRACE] [REI] [REIPlugin END] Reloading Section: "start-reload/RecipeManagerContextImpl/"
[15:30:06] [main/TRACE] [REI] [REIPlugin END] Reloading Section: "start-reload/RecipeManagerContextImpl/" done in 9.167 μs
[15:30:06] [main/TRACE] [REI] [REIPlugin END] Reloading Section: "start-reload/ItemComparatorRegistryImpl/"
[15:30:06] [main/TRACE] [REI] [REIPlugin END] Reloading Section: "start-reload/ItemComparatorRegistryImpl/" done in 7.233 μs
[15:30:06] [main/TRACE] [REI] [REIPlugin END] Reloading Section: "start-reload/FluidComparatorRegistryImpl/"
[15:30:06] [main/TRACE] [REI] [REIPlugin END] Reloading Section: "start-reload/FluidComparatorRegistryImpl/" done in 6.462 μs
[15:30:06] [main/TRACE] [REI] [REIPlugin END] Reloading Section: "start-reload/DisplaySerializerRegistryImpl/"
[15:30:06] [main/TRACE] [REI] [REIPlugin END] Reloading Section: "start-reload/DisplaySerializerRegistryImpl/" done in 14.91 μs
[15:30:06] [main/TRACE] [REI] [REIPlugin END] Reloading Section: "start-reload/FluidSupportProviderImpl/"
[15:30:06] [main/TRACE] [REI] [REIPlugin END] Reloading Section: "start-reload/FluidSupportProviderImpl/" done in 6.703 μs
[15:30:06] [main/TRACE] [REI] [REIPlugin END] Reloading Section: "start-reload/" done in 7.289 ms
[15:30:06] [main/DEBUG] [REI] ========================================
[15:30:06] [main/DEBUG] [REI] REIPlugin started main-reload for END.
[15:30:06] [main/DEBUG] [REI] ========================================
[15:30:06] [main/TRACE] [REI] [REIPlugin END] Reloading Section: "reloadable-plugin/EntryTypeRegistryImpl/"
[15:30:06] [main/TRACE] [REI] [REIPlugin END] Reloading Section: "reloadable-plugin/EntryTypeRegistryImpl/DefaultPluginImpl of DefaultPluginImpl [roughlyenoughitems]/"
[15:30:06] [main/TRACE] [REI] [REIPlugin END] Reloading Section: "reloadable-plugin/EntryTypeRegistryImpl/DefaultPluginImpl of DefaultPluginImpl [roughlyenoughitems]/" done in 32.45 μs
[15:30:06] [main/TRACE] [REI] [REIPlugin END] Reloading Section: "reloadable-plugin/EntryTypeRegistryImpl/DefaultRuntimePlugin of DefaultRuntimePlugin [roughlyenoughitems]/"
[15:30:06] [main/TRACE] [REI] [REIPlugin END] Reloading Section: "reloadable-plugin/EntryTypeRegistryImpl/DefaultRuntimePlugin of DefaultRuntimePlugin [roughlyenoughitems]/" done in 14.45 μs
[15:30:06] [main/TRACE] [REI] [REIPlugin END] Reloading Section: "reloadable-plugin/EntryTypeRegistryImpl/" done in 4.037 ms
[15:30:06] [main/TRACE] [REI] [REIPlugin END] Reloading Section: "reloadable-plugin/EntrySettingsAdapterRegistryImpl/"
[15:30:06] [main/TRACE] [REI] [REIPlugin END] Reloading Section: "reloadable-plugin/EntrySettingsAdapterRegistryImpl/DefaultPluginImpl of DefaultPluginImpl [roughlyenoughitems]/"
[15:30:06] [main/TRACE] [REI] [REIPlugin END] Reloading Section: "reloadable-plugin/EntrySettingsAdapterRegistryImpl/DefaultPluginImpl of DefaultPluginImpl [roughlyenoughitems]/" done in 39.06 μs
[15:30:06] [main/TRACE] [REI] [REIPlugin END] Reloading Section: "reloadable-plugin/EntrySettingsAdapterRegistryImpl/DefaultRuntimePlugin of DefaultRuntimePlugin [roughlyenoughitems]/"
[15:30:06] [main/TRACE] [REI] [REIPlugin END] Reloading Section: "reloadable-plugin/EntrySettingsAdapterRegistryImpl/DefaultRuntimePlugin of DefaultRuntimePlugin [roughlyenoughitems]/" done in 57.63 μs
[15:30:06] [main/TRACE] [REI] [REIPlugin END] Reloading Section: "reloadable-plugin/EntrySettingsAdapterRegistryImpl/" done in 767.2 μs
[15:30:06] [main/TRACE] [REI] [REIPlugin END] Reloading Section: "reloadable-plugin/RecipeManagerContextImpl/"
[15:30:06] [main/TRACE] [REI] [REIPlugin END] Reloading Section: "reloadable-plugin/RecipeManagerContextImpl/DefaultPluginImpl of DefaultPluginImpl [roughlyenoughitems]/"
[15:30:06] [main/TRACE] [REI] [REIPlugin END] Reloading Section: "reloadable-plugin/RecipeManagerContextImpl/DefaultPluginImpl of DefaultPluginImpl [roughlyenoughitems]/" done in 12.94 μs
[15:30:06] [main/TRACE] [REI] [REIPlugin END] Reloading Section: "reloadable-plugin/RecipeManagerContextImpl/DefaultRuntimePlugin of DefaultRuntimePlugin [roughlyenoughitems]/"
[15:30:06] [main/TRACE] [REI] [REIPlugin END] Reloading Section: "reloadable-plugin/RecipeManagerContextImpl/DefaultRuntimePlugin of DefaultRuntimePlugin [roughlyenoughitems]/" done in 11.66 μs
[15:30:06] [main/TRACE] [REI] [REIPlugin END] Reloading Section: "reloadable-plugin/RecipeManagerContextImpl/" done in 412.3 μs
[15:30:06] [main/TRACE] [REI] [REIPlugin END] Reloading Section: "reloadable-plugin/ItemComparatorRegistryImpl/"
[15:30:06] [main/TRACE] [REI] [REIPlugin END] Reloading Section: "reloadable-plugin/ItemComparatorRegistryImpl/DefaultPluginImpl of DefaultPluginImpl [roughlyenoughitems]/"
[15:30:06] [main/TRACE] [REI] [REIPlugin END] Reloading Section: "reloadable-plugin/ItemComparatorRegistryImpl/DefaultPluginImpl of DefaultPluginImpl [roughlyenoughitems]/" done in 11.30 μs
[15:30:06] [main/TRACE] [REI] [REIPlugin END] Reloading Section: "reloadable-plugin/ItemComparatorRegistryImpl/DefaultRuntimePlugin of DefaultRuntimePlugin [roughlyenoughitems]/"
[15:30:06] [main/TRACE] [REI] [REIPlugin END] Reloading Section: "reloadable-plugin/ItemComparatorRegistryImpl/DefaultRuntimePlugin of DefaultRuntimePlugin [roughlyenoughitems]/" done in 11.39 μs
[15:30:06] [main/TRACE] [REI] [REIPlugin END] Reloading Section: "reloadable-plugin/ItemComparatorRegistryImpl/" done in 405.0 μs
[15:30:06] [main/TRACE] [REI] [REIPlugin END] Reloading Section: "reloadable-plugin/FluidComparatorRegistryImpl/"
[15:30:06] [main/TRACE] [REI] [REIPlugin END] Reloading Section: "reloadable-plugin/FluidComparatorRegistryImpl/DefaultPluginImpl of DefaultPluginImpl [roughlyenoughitems]/"
[15:30:06] [main/TRACE] [REI] [REIPlugin END] Reloading Section: "reloadable-plugin/FluidComparatorRegistryImpl/DefaultPluginImpl of DefaultPluginImpl [roughlyenoughitems]/" done in 11.60 μs
[15:30:06] [main/TRACE] [REI] [REIPlugin END] Reloading Section: "reloadable-plugin/FluidComparatorRegistryImpl/DefaultRuntimePlugin of DefaultRuntimePlugin [roughlyenoughitems]/"
[15:30:06] [main/TRACE] [REI] [REIPlugin END] Reloading Section: "reloadable-plugin/FluidComparatorRegistryImpl/DefaultRuntimePlugin of DefaultRuntimePlugin [roughlyenoughitems]/" done in 11.85 μs
[15:30:06] [main/TRACE] [REI] [REIPlugin END] Reloading Section: "reloadable-plugin/FluidComparatorRegistryImpl/" done in 447.5 μs
[15:30:06] [main/TRACE] [REI] [REIPlugin END] Reloading Section: "reloadable-plugin/DisplaySerializerRegistryImpl/"
[15:30:06] [main/TRACE] [REI] [REIPlugin END] Reloading Section: "reloadable-plugin/DisplaySerializerRegistryImpl/DefaultPluginImpl of DefaultPluginImpl [roughlyenoughitems]/"
[15:30:06] [main/TRACE] [REI] [REIPlugin END] Reloading Section: "reloadable-plugin/DisplaySerializerRegistryImpl/DefaultPluginImpl of DefaultPluginImpl [roughlyenoughitems]/" done in 29.34 ms
[15:30:06] [main/TRACE] [REI] [REIPlugin END] Reloading Section: "reloadable-plugin/DisplaySerializerRegistryImpl/DefaultRuntimePlugin of DefaultRuntimePlugin [roughlyenoughitems]/"
[15:30:06] [main/TRACE] [REI] [REIPlugin END] Reloading Section: "reloadable-plugin/DisplaySerializerRegistryImpl/DefaultRuntimePlugin of DefaultRuntimePlugin [roughlyenoughitems]/" done in 17.70 μs
[15:30:06] [main/TRACE] [REI] [REIPlugin END] Reloading Section: "reloadable-plugin/DisplaySerializerRegistryImpl/" done in 31.07 ms
[15:30:06] [main/TRACE] [REI] [REIPlugin END] Reloading Section: "reloadable-plugin/FluidSupportProviderImpl/"
[15:30:06] [main/TRACE] [REI] [REIPlugin END] Reloading Section: "reloadable-plugin/FluidSupportProviderImpl/DefaultPluginImpl of DefaultPluginImpl [roughlyenoughitems]/"
[15:30:06] [main/TRACE] [REI] [REIPlugin END] Reloading Section: "reloadable-plugin/FluidSupportProviderImpl/DefaultPluginImpl of DefaultPluginImpl [roughlyenoughitems]/" done in 33.20 μs
[15:30:06] [main/TRACE] [REI] [REIPlugin END] Reloading Section: "reloadable-plugin/FluidSupportProviderImpl/DefaultRuntimePlugin of DefaultRuntimePlugin [roughlyenoughitems]/"
[15:30:06] [main/TRACE] [REI] [REIPlugin END] Reloading Section: "reloadable-plugin/FluidSupportProviderImpl/DefaultRuntimePlugin of DefaultRuntimePlugin [roughlyenoughitems]/" done in 16.53 μs
[15:30:06] [main/TRACE] [REI] [REIPlugin END] Reloading Section: "reloadable-plugin/FluidSupportProviderImpl/" done in 1.100 ms
[15:30:06] [main/DEBUG] [REI] ========================================
[15:30:06] [main/DEBUG] [REI] REIPlugin ending main-reload for END.
[15:30:06] [main/DEBUG] [REI] ========================================
[15:30:06] [main/TRACE] [REI] [REIPlugin END] Reloading Section: "end-reload/"
[15:30:06] [main/TRACE] [REI] [REIPlugin END] Reloading Section: "end-reload/EntryTypeRegistryImpl/"
[15:30:06] [main/TRACE] [REI] [REIPlugin END] Reloading Section: "end-reload/EntryTypeRegistryImpl/" done in 8.025 μs
[15:30:06] [main/TRACE] [REI] [REIPlugin END] Reloading Section: "end-reload/EntrySettingsAdapterRegistryImpl/"
[15:30:06] [main/TRACE] [REI] [REIPlugin END] Reloading Section: "end-reload/EntrySettingsAdapterRegistryImpl/" done in 7.504 μs
[15:30:06] [main/TRACE] [REI] [REIPlugin END] Reloading Section: "end-reload/RecipeManagerContextImpl/"
[15:30:06] [main/TRACE] [REI] [REIPlugin END] Reloading Section: "end-reload/RecipeManagerContextImpl/" done in 7.304 μs
[15:30:06] [main/TRACE] [REI] [REIPlugin END] Reloading Section: "end-reload/ItemComparatorRegistryImpl/"
[15:30:06] [main/TRACE] [REI] [REIPlugin END] Reloading Section: "end-reload/ItemComparatorRegistryImpl/" done in 7.735 μs
[15:30:06] [main/TRACE] [REI] [REIPlugin END] Reloading Section: "end-reload/FluidComparatorRegistryImpl/"
[15:30:06] [main/TRACE] [REI] [REIPlugin END] Reloading Section: "end-reload/FluidComparatorRegistryImpl/" done in 26.51 μs
[15:30:06] [main/TRACE] [REI] [REIPlugin END] Reloading Section: "end-reload/DisplaySerializerRegistryImpl/"
[15:30:06] [main/TRACE] [REI] [REIPlugin END] Reloading Section: "end-reload/DisplaySerializerRegistryImpl/" done in 7.443 μs
[15:30:06] [main/TRACE] [REI] [REIPlugin END] Reloading Section: "end-reload/FluidSupportProviderImpl/"
[15:30:06] [main/TRACE] [REI] [REIPlugin END] Reloading Section: "end-reload/FluidSupportProviderImpl/" done in 7.374 μs
[15:30:06] [main/TRACE] [REI] [REIPlugin END] Reloading Section: "end-reload/" done in 1.647 ms
[15:30:06] [main/DEBUG] [REI] ========================================
[15:30:06] [main/DEBUG] [REI] REIPlugin ended main-reload for END in 63.06 ms.
[15:30:06] [main/DEBUG] [REI] ========================================
[15:30:06] [main/INFO] [REI] OOOOOOOOOOOOOOOOOOOOOOOOOOOOOOOOOOOOOOOO
[15:30:06] [main/INFO] [REI] REIServerPlugin starting main-reload for END.
[15:30:06] [main/DEBUG] [REI] Reloadables (2):
[15:30:06] [main/DEBUG] [REI]  - MenuInfoRegistryImpl
[15:30:06] [main/DEBUG] [REI]  - SlotAccessorRegistryImpl
[15:30:06] [main/INFO] [REI] Plugins (2):
[15:30:06] [main/INFO] [REI]  - (-100.00) DefaultPluginImpl of DefaultPluginImpl [roughlyenoughitems]
[15:30:06] [main/INFO] [REI]  - (0.00) DefaultRuntimePlugin of DefaultRuntimePlugin [roughlyenoughitems]
[15:30:06] [main/INFO] [REI] OOOOOOOOOOOOOOOOOOOOOOOOOOOOOOOOOOOOOOOO
[15:30:06] [main/TRACE] [REI] [REIServerPlugin END] Reloading Section: "start-reload/"
[15:30:06] [main/TRACE] [REI] [REIServerPlugin END] Reloading Section: "start-reload/MenuInfoRegistryImpl/"
[15:30:06] [main/TRACE] [REI] [REIServerPlugin END] Reloading Section: "start-reload/MenuInfoRegistryImpl/" done in 18.38 μs
[15:30:06] [main/TRACE] [REI] [REIServerPlugin END] Reloading Section: "start-reload/SlotAccessorRegistryImpl/"
[15:30:06] [main/TRACE] [REI] [REIServerPlugin END] Reloading Section: "start-reload/SlotAccessorRegistryImpl/" done in 13.87 μs
[15:30:06] [main/TRACE] [REI] [REIServerPlugin END] Reloading Section: "start-reload/" done in 356.0 μs
[15:30:06] [main/DEBUG] [REI] ========================================
[15:30:06] [main/DEBUG] [REI] REIServerPlugin started main-reload for END.
[15:30:06] [main/DEBUG] [REI] ========================================
[15:30:06] [main/TRACE] [REI] [REIServerPlugin END] Reloading Section: "reloadable-plugin/MenuInfoRegistryImpl/"
[15:30:06] [main/TRACE] [REI] [REIServerPlugin END] Reloading Section: "reloadable-plugin/MenuInfoRegistryImpl/DefaultPluginImpl of DefaultPluginImpl [roughlyenoughitems]/"
[15:30:06] [main/TRACE] [REI] [REIServerPlugin END] Reloading Section: "reloadable-plugin/MenuInfoRegistryImpl/DefaultPluginImpl of DefaultPluginImpl [roughlyenoughitems]/" done in 22.95 μs
[15:30:06] [main/TRACE] [REI] [REIServerPlugin END] Reloading Section: "reloadable-plugin/MenuInfoRegistryImpl/DefaultRuntimePlugin of DefaultRuntimePlugin [roughlyenoughitems]/"
[15:30:06] [main/TRACE] [REI] [REIServerPlugin END] Reloading Section: "reloadable-plugin/MenuInfoRegistryImpl/DefaultRuntimePlugin of DefaultRuntimePlugin [roughlyenoughitems]/" done in 11.57 μs
[15:30:06] [main/TRACE] [REI] [REIServerPlugin END] Reloading Section: "reloadable-plugin/MenuInfoRegistryImpl/" done in 320.9 μs
[15:30:06] [main/TRACE] [REI] [REIServerPlugin END] Reloading Section: "reloadable-plugin/SlotAccessorRegistryImpl/"
[15:30:06] [main/TRACE] [REI] [REIServerPlugin END] Reloading Section: "reloadable-plugin/SlotAccessorRegistryImpl/DefaultPluginImpl of DefaultPluginImpl [roughlyenoughitems]/"
[15:30:06] [main/TRACE] [REI] [REIServerPlugin END] Reloading Section: "reloadable-plugin/SlotAccessorRegistryImpl/DefaultPluginImpl of DefaultPluginImpl [roughlyenoughitems]/" done in 20.38 μs
[15:30:06] [main/TRACE] [REI] [REIServerPlugin END] Reloading Section: "reloadable-plugin/SlotAccessorRegistryImpl/DefaultRuntimePlugin of DefaultRuntimePlugin [roughlyenoughitems]/"
[15:30:06] [main/DEBUG] [REI] Added slot accessor serializer: me.shedaniel.rei.plugin.common.runtime.DefaultRuntimePlugin$1@239bae52 [roughlyenoughitems:vanilla]
[15:30:06] [main/DEBUG] [REI] Added slot accessor serializer: me.shedaniel.rei.plugin.common.runtime.DefaultRuntimePlugin$2@7a680cd1 [roughlyenoughitems:player]
[15:30:06] [main/TRACE] [REI] [REIServerPlugin END] Reloading Section: "reloadable-plugin/SlotAccessorRegistryImpl/DefaultRuntimePlugin of DefaultRuntimePlugin [roughlyenoughitems]/" done in 1.931 ms
[15:30:06] [main/TRACE] [REI] [REIServerPlugin END] Reloading Section: "reloadable-plugin/SlotAccessorRegistryImpl/" done in 2.256 ms
[15:30:06] [main/DEBUG] [REI] ========================================
[15:30:06] [main/DEBUG] [REI] REIServerPlugin ending main-reload for END.
[15:30:06] [main/DEBUG] [REI] ========================================
[15:30:06] [main/TRACE] [REI] [REIServerPlugin END] Reloading Section: "end-reload/"
[15:30:06] [main/TRACE] [REI] [REIServerPlugin END] Reloading Section: "end-reload/MenuInfoRegistryImpl/"
[15:30:06] [main/DEBUG] [REI] Registered 0 menu infos
[15:30:06] [main/TRACE] [REI] [REIServerPlugin END] Reloading Section: "end-reload/MenuInfoRegistryImpl/" done in 140.2 μs
[15:30:06] [main/TRACE] [REI] [REIServerPlugin END] Reloading Section: "end-reload/SlotAccessorRegistryImpl/"
[15:30:06] [main/DEBUG] [REI] Registered 2 slot accessor serializers
[15:30:06] [main/TRACE] [REI] [REIServerPlugin END] Reloading Section: "end-reload/SlotAccessorRegistryImpl/" done in 122.3 μs
[15:30:06] [main/TRACE] [REI] [REIServerPlugin END] Reloading Section: "end-reload/" done in 553.8 μs
[15:30:06] [main/DEBUG] [REI] ========================================
[15:30:06] [main/DEBUG] [REI] REIServerPlugin ended main-reload for END in 11.07 ms.
[15:30:06] [main/DEBUG] [REI] ========================================
[15:30:06] [main/DEBUG] [REI] ========================================
[15:30:06] [main/DEBUG] [REI] REIPlugin starting post-reload for END.
[15:30:06] [main/DEBUG] [REI] Reloadables (7):
[15:30:06] [main/DEBUG] [REI]  - EntryTypeRegistryImpl
[15:30:06] [main/DEBUG] [REI]  - EntrySettingsAdapterRegistryImpl
[15:30:06] [main/DEBUG] [REI]  - RecipeManagerContextImpl
[15:30:06] [main/DEBUG] [REI]  - ItemComparatorRegistryImpl
[15:30:06] [main/DEBUG] [REI]  - FluidComparatorRegistryImpl
[15:30:06] [main/DEBUG] [REI]  - DisplaySerializerRegistryImpl
[15:30:06] [main/DEBUG] [REI]  - FluidSupportProviderImpl
[15:30:06] [main/DEBUG] [REI] Plugins (2):
[15:30:06] [main/DEBUG] [REI]  - (-100.00) DefaultPluginImpl of DefaultPluginImpl [roughlyenoughitems]
[15:30:06] [main/DEBUG] [REI]  - (0.00) DefaultRuntimePlugin of DefaultRuntimePlugin [roughlyenoughitems]
[15:30:06] [main/DEBUG] [REI] ========================================
[15:30:06] [main/TRACE] [REI] [REIPlugin END] Reloading Section: "post-register/"
[15:30:06] [main/TRACE] [REI] [REIPlugin END] Reloading Section: "post-register/DefaultPluginImpl of DefaultPluginImpl [roughlyenoughitems]/"
[15:30:06] [main/TRACE] [REI] [REIPlugin END] Reloading Section: "post-register/DefaultPluginImpl of DefaultPluginImpl [roughlyenoughitems]/" done in 10.99 μs
[15:30:06] [main/TRACE] [REI] [REIPlugin END] Reloading Section: "post-register/DefaultRuntimePlugin of DefaultRuntimePlugin [roughlyenoughitems]/"
[15:30:06] [main/TRACE] [REI] [REIPlugin END] Reloading Section: "post-register/DefaultRuntimePlugin of DefaultRuntimePlugin [roughlyenoughitems]/" done in 8.737 μs
[15:30:06] [main/TRACE] [REI] [REIPlugin END] Reloading Section: "post-register/" done in 287.6 μs
[15:30:06] [main/TRACE] [REI] [REIPlugin END] Reloading Section: "post-stage/"
[15:30:06] [main/TRACE] [REI] [REIPlugin END] Reloading Section: "post-stage/EntryTypeRegistryImpl/"
[15:30:06] [main/TRACE] [REI] [REIPlugin END] Reloading Section: "post-stage/EntryTypeRegistryImpl/" done in 7.163 μs
[15:30:06] [main/TRACE] [REI] [REIPlugin END] Reloading Section: "post-stage/EntrySettingsAdapterRegistryImpl/"
[15:30:06] [main/TRACE] [REI] [REIPlugin END] Reloading Section: "post-stage/EntrySettingsAdapterRegistryImpl/" done in 6.512 μs
[15:30:06] [main/TRACE] [REI] [REIPlugin END] Reloading Section: "post-stage/RecipeManagerContextImpl/"
[15:30:06] [main/TRACE] [REI] [REIPlugin END] Reloading Section: "post-stage/RecipeManagerContextImpl/" done in 6.221 μs
[15:30:06] [main/TRACE] [REI] [REIPlugin END] Reloading Section: "post-stage/ItemComparatorRegistryImpl/"
[15:30:06] [main/TRACE] [REI] [REIPlugin END] Reloading Section: "post-stage/ItemComparatorRegistryImpl/" done in 6.772 μs
[15:30:06] [main/TRACE] [REI] [REIPlugin END] Reloading Section: "post-stage/FluidComparatorRegistryImpl/"
[15:30:06] [main/TRACE] [REI] [REIPlugin END] Reloading Section: "post-stage/FluidComparatorRegistryImpl/" done in 6.242 μs
[15:30:06] [main/TRACE] [REI] [REIPlugin END] Reloading Section: "post-stage/DisplaySerializerRegistryImpl/"
[15:30:06] [main/TRACE] [REI] [REIPlugin END] Reloading Section: "post-stage/DisplaySerializerRegistryImpl/" done in 5.891 μs
[15:30:06] [main/TRACE] [REI] [REIPlugin END] Reloading Section: "post-stage/FluidSupportProviderImpl/"
[15:30:06] [main/TRACE] [REI] [REIPlugin END] Reloading Section: "post-stage/FluidSupportProviderImpl/" done in 6.212 μs
[15:30:06] [main/TRACE] [REI] [REIPlugin END] Reloading Section: "post-stage/" done in 842.9 μs
[15:30:06] [main/DEBUG] [REI] ========================================
[15:30:06] [main/INFO] [REI] REIPlugin finished post-reload for END in 9.415 ms, totaling 74.00 ms.
[15:30:06] [main/DEBUG] [REI] ========================================
[15:30:06] [main/DEBUG] [REI] ========================================
[15:30:06] [main/DEBUG] [REI] REIServerPlugin starting post-reload for END.
[15:30:06] [main/DEBUG] [REI] Reloadables (2):
[15:30:06] [main/DEBUG] [REI]  - MenuInfoRegistryImpl
[15:30:06] [main/DEBUG] [REI]  - SlotAccessorRegistryImpl
[15:30:06] [main/DEBUG] [REI] Plugins (2):
[15:30:06] [main/DEBUG] [REI]  - (-100.00) DefaultPluginImpl of DefaultPluginImpl [roughlyenoughitems]
[15:30:06] [main/DEBUG] [REI]  - (0.00) DefaultRuntimePlugin of DefaultRuntimePlugin [roughlyenoughitems]
[15:30:06] [main/DEBUG] [REI] ========================================
[15:30:06] [main/TRACE] [REI] [REIServerPlugin END] Reloading Section: "post-register/"
[15:30:06] [main/TRACE] [REI] [REIServerPlugin END] Reloading Section: "post-register/DefaultPluginImpl of DefaultPluginImpl [roughlyenoughitems]/"
[15:30:06] [main/TRACE] [REI] [REIServerPlugin END] Reloading Section: "post-register/DefaultPluginImpl of DefaultPluginImpl [roughlyenoughitems]/" done in 9.377 μs
[15:30:06] [main/TRACE] [REI] [REIServerPlugin END] Reloading Section: "post-register/DefaultRuntimePlugin of DefaultRuntimePlugin [roughlyenoughitems]/"
[15:30:06] [main/TRACE] [REI] [REIServerPlugin END] Reloading Section: "post-register/DefaultRuntimePlugin of DefaultRuntimePlugin [roughlyenoughitems]/" done in 9.447 μs
[15:30:06] [main/TRACE] [REI] [REIServerPlugin END] Reloading Section: "post-register/" done in 271.2 μs
[15:30:06] [main/TRACE] [REI] [REIServerPlugin END] Reloading Section: "post-stage/"
[15:30:06] [main/TRACE] [REI] [REIServerPlugin END] Reloading Section: "post-stage/MenuInfoRegistryImpl/"
[15:30:06] [main/TRACE] [REI] [REIServerPlugin END] Reloading Section: "post-stage/MenuInfoRegistryImpl/" done in 7.333 μs
[15:30:06] [main/TRACE] [REI] [REIServerPlugin END] Reloading Section: "post-stage/SlotAccessorRegistryImpl/"
[15:30:06] [main/TRACE] [REI] [REIServerPlugin END] Reloading Section: "post-stage/SlotAccessorRegistryImpl/" done in 5.961 μs
[15:30:06] [main/TRACE] [REI] [REIServerPlugin END] Reloading Section: "post-stage/" done in 198.7 μs
[15:30:06] [main/DEBUG] [REI] ========================================
[15:30:06] [main/INFO] [REI] REIServerPlugin finished post-reload for END in 654.4 μs, totaling 12.56 ms.
[15:30:06] [main/DEBUG] [REI] ========================================
